app/build/outputs/logs/manifest-merger-debug-report.txt
-- Merging decision tree log ---
manifest
ADDED from src\main\AndroidManifest.xml:2:1-70:12
INJECTED from src\main\AndroidManifest.xml:2:1-70:12
INJECTED from src\main\AndroidManifest.xml:2:1-70:12
INJECTED from src\main\AndroidManifest.xml:2:1-70:12
INJECTED from src\main\AndroidManifest.xml:2:1-70:12
INJECTED from src\main\AndroidManifest.xml:2:1-70:12
INJECTED from src\main\AndroidManifest.xml:2:1-70:12
	package
		ADDED from src\main\AndroidManifest.xml:3:5-36
		INJECTED from src\main\AndroidManifest.xml
		INJECTED from src\main\AndroidManifest.xml
	android:versionName
		ADDED from src\main\AndroidManifest.xml:5:5-30
		INJECTED from src\main\AndroidManifest.xml
		INJECTED from src\main\AndroidManifest.xml
	xmlns:android
		ADDED from src\main\AndroidManifest.xml:2:11-69
	android:versionCode
		ADDED from src\main\AndroidManifest.xml:4:5-28
		INJECTED from src\main\AndroidManifest.xml
		INJECTED from src\main\AndroidManifest.xml
uses-permission#android.permission.CAMERA
ADDED from src\main\AndroidManifest.xml:8:5-65
	android:name
		ADDED from src\main\AndroidManifest.xml:8:22-62
uses-permission#android.permission.READ_PHONE_STATE
ADDED from src\main\AndroidManifest.xml:9:5-75
	android:name
		ADDED from src\main\AndroidManifest.xml:9:22-72
uses-permission#android.permission.RECORD_AUDIO
ADDED from src\main\AndroidManifest.xml:10:5-71
	android:name
		ADDED from src\main\AndroidManifest.xml:10:22-68
uses-permission#android.permission.INTERNET
ADDED from src\main\AndroidManifest.xml:11:5-67
	android:name
		ADDED from src\main\AndroidManifest.xml:11:22-64
uses-permission#android.permission.MODIFY_AUDIO_SETTINGS
ADDED from src\main\AndroidManifest.xml:12:5-80
	android:name
		ADDED from src\main\AndroidManifest.xml:12:22-77
uses-permission#android.permission.ACCESS_WIFI_STATE
ADDED from src\main\AndroidManifest.xml:13:5-76
	android:name
		ADDED from src\main\AndroidManifest.xml:13:22-73
uses-permission#android.permission.CHANGE_WIFI_STATE
ADDED from src\main\AndroidManifest.xml:14:5-76
	android:name
		ADDED from src\main\AndroidManifest.xml:14:22-73
uses-permission#android.permission.ACCESS_NETWORK_STATE
ADDED from src\main\AndroidManifest.xml:15:5-79
	android:name
		ADDED from src\main\AndroidManifest.xml:15:22-76
uses-permission#android.permission.CHANGE_NETWORK_STATE
ADDED from src\main\AndroidManifest.xml:16:5-79
	android:name
		ADDED from src\main\AndroidManifest.xml:16:22-76
uses-permission#android.permission.CHANGE_WIFI_MULTICAST_STATE
ADDED from src\main\AndroidManifest.xml:17:5-86
	android:name
		ADDED from src\main\AndroidManifest.xml:17:22-83
uses-permission#android.permission.WRITE_EXTERNAL_STORAGE
ADDED from src\main\AndroidManifest.xml:18:5-81
	android:name
		ADDED from src\main\AndroidManifest.xml:18:22-78
uses-permission#android.permission.READ_EXTERNAL_STORAGE
ADDED from src\main\AndroidManifest.xml:19:5-80
	android:name
		ADDED from src\main\AndroidManifest.xml:19:22-77
uses-permission#android.permission.READ_INTERNAL_STORAGE
ADDED from src\main\AndroidManifest.xml:20:5-80
	android:name
		ADDED from src\main\AndroidManifest.xml:20:22-77
uses-permission#android.permission.ACCESS_FINE_LOCATION
ADDED from src\main\AndroidManifest.xml:21:5-79
	android:name
		ADDED from src\main\AndroidManifest.xml:21:22-76
application
ADDED from src\main\AndroidManifest.xml:23:5-68:19
	android:allowBackup
		ADDED from src\main\AndroidManifest.xml:26:9-35
	android:theme
		ADDED from src\main\AndroidManifest.xml:25:9-59
	android:name
		ADDED from src\main\AndroidManifest.xml:24:9-47
receiver#com.appsflyer.SingleInstallBroadcastReceiver
ADDED from src\main\AndroidManifest.xml:27:9-31:20
	android:exported
		ADDED from src\main\AndroidManifest.xml:27:79-102
	android:name
		ADDED from src\main\AndroidManifest.xml:27:19-78
intent-filter#action:name:com.android.vending.INSTALL_REFERRER
ADDED from src\main\AndroidManifest.xml:28:13-30:29
action#com.android.vending.INSTALL_REFERRER
ADDED from src\main\AndroidManifest.xml:29:17-79
	android:name
		ADDED from src\main\AndroidManifest.xml:29:25-76
activity#com.avaya.mobilevideo.ExampleLoginActivity
ADDED from src\main\AndroidManifest.xml:32:9-36:20
	android:windowSoftInputMode
		ADDED from src\main\AndroidManifest.xml:35:13-54
	android:configChanges
		ADDED from src\main\AndroidManifest.xml:34:13-59
	android:name
		ADDED from src\main\AndroidManifest.xml:33:13-49
activity#com.avaya.mobilevideo.ExampleAVDialActivity
ADDED from src\main\AndroidManifest.xml:37:9-40:66
	android:windowSoftInputMode
		ADDED from src\main\AndroidManifest.xml:40:13-54
	android:configChanges
		ADDED from src\main\AndroidManifest.xml:39:13-59
	android:name
		ADDED from src\main\AndroidManifest.xml:38:13-50
activity#com.avaya.mobilevideo.ExampleAVCallActivity
ADDED from src\main\AndroidManifest.xml:41:9-44:66
	android:windowSoftInputMode
		ADDED from src\main\AndroidManifest.xml:44:13-54
	android:configChanges
		ADDED from src\main\AndroidManifest.xml:43:13-59
	android:name
		ADDED from src\main\AndroidManifest.xml:42:13-50
activity#com.avaya.mobilevideo.ExampleAODialActivity
ADDED from src\main\AndroidManifest.xml:45:9-48:66
	android:windowSoftInputMode
		ADDED from src\main\AndroidManifest.xml:48:13-54
	android:configChanges
		ADDED from src\main\AndroidManifest.xml:47:13-59
	android:name
		ADDED from src\main\AndroidManifest.xml:46:13-50
activity#com.avaya.mobilevideo.ClickToCallDialActivity
ADDED from src\main\AndroidManifest.xml:49:9-51:72
	android:windowSoftInputMode
		ADDED from src\main\AndroidManifest.xml:51:19-60
	android:configChanges
		ADDED from src\main\AndroidManifest.xml:50:19-65
	android:name
		ADDED from src\main\AndroidManifest.xml:49:19-58
activity#com.avaya.mobilevideo.utils.SettingsActivity
ADDED from src\main\AndroidManifest.xml:52:9-54:66
	android:windowSoftInputMode
		ADDED from src\main\AndroidManifest.xml:54:13-54
	android:name
		ADDED from src\main\AndroidManifest.xml:53:13-51
activity#com.avaya.mobilevideo.impl.ManualSessionActivity
ADDED from src\main\AndroidManifest.xml:55:9-73
	android:name
		ADDED from src\main\AndroidManifest.xml:55:19-61
activity#com.avaya.mobilevideo.panicar.MainActivity
ADDED from src\main\AndroidManifest.xml:56:9-58:66
	android:windowSoftInputMode
		ADDED from src\main\AndroidManifest.xml:58:13-54
	android:name
		ADDED from src\main\AndroidManifest.xml:57:13-49
activity#com.avaya.mobilevideo.panicar.ARActivity
ADDED from src\main\AndroidManifest.xml:59:9-61:66
	android:windowSoftInputMode
		ADDED from src\main\AndroidManifest.xml:61:13-54
	android:name
		ADDED from src\main\AndroidManifest.xml:60:13-47
activity#com.avaya.mobilevideo.ClicktoCallActivity
ADDED from src\main\AndroidManifest.xml:62:9-63:72
	android:windowSoftInputMode
		ADDED from src\main\AndroidManifest.xml:63:19-60
	android:name
		ADDED from src\main\AndroidManifest.xml:62:19-54
activity#com.avaya.mobilevideo.ClickToCallLoginActivity
ADDED from src\main\AndroidManifest.xml:64:9-65:72
	android:windowSoftInputMode
		ADDED from src\main\AndroidManifest.xml:65:19-60
	android:name
		ADDED from src\main\AndroidManifest.xml:64:19-59
uses-sdk
INJECTED from src\main\AndroidManifest.xml reason: use-sdk injection requested
INJECTED from src\main\AndroidManifest.xml
INJECTED from src\main\AndroidManifest.xml
INJECTED from src\main\AndroidManifest.xml
INJECTED from src\main\AndroidManifest.xml
	android:targetSdkVersion
		INJECTED from src\main\AndroidManifest.xml
		ADDED from src\main\AndroidManifest.xml
		INJECTED from src\main\AndroidManifest.xml
	android:minSdkVersion
		INJECTED from src\main\AndroidManifest.xml
		ADDED from src\main\AndroidManifest.xml
		INJECTED from src\main\AndroidManifest.xml